<?xml version="1.0" encoding="UTF-8" standalone="no"?>
<testsuite errors="0" failures="1" name="io.cucumber.core.plugin.JUnitFormatter" skipped="0" tests="1" time="24.371">
    <testcase classname="Registration Feature" name="Verify that all the specified fields are present on the registration page." time="23.305">
        <failure message="" type="java.lang.AssertionError">
            <![CDATA[Given User is on the homepage of the application............................passed
When user clicks the registration button top right corner of the web page...passed
Then user should be able to see the new page................................failed

StackTrace:
java.lang.AssertionError
	at org.junit.Assert.fail(Assert.java:87)
	at org.junit.Assert.assertTrue(Assert.java:42)
	at org.junit.Assert.assertTrue(Assert.java:53)
	at com.introProject.stepDefinitions.RegistrationStepDefinitions.userShouldBeAbleToSeeTheNewPage(RegistrationStepDefinitions.java:31)
	at ✽.user should be able to see the new page(file:///Users/kaya/IdeaProjects/IntroProject/src/test/resources/features/registration.feature:6)
]]>
        </failure>
    </testcase>
</testsuite>
